<?xml version="1.0" encoding="UTF-8"?>
<!-- Generated by org.testng.reporters.JUnitXMLReporter -->
<testsuite ignored="1" hostname="DESKTOP-4RF2QF2" failures="0" tests="1" name="Default test(failed)" time="7.15" errors="0" timestamp="2023-12-08T10:57:39 IST">
  <testcase classname="testScripts.SampleOneTest" name="SeleniumSearchTest" time="4.905"/>
  <testcase classname="testScripts.SampleOneTest" name="cucumberSearchTest" time="0.0">
    <ignored/>
  </testcase> <!-- cucumberSearchTest -->
</testsuite> <!-- Default test(failed) -->
