<?xml version="1.0" encoding="UTF-8"?>
<!-- Generated by org.testng.reporters.JUnitXMLReporter -->
<testsuite ignored="0" hostname="DESKTOP-4RF2QF2" failures="0" tests="3" name="Default test" time="23.28" errors="0" timestamp="2023-12-12T09:42:05 IST">
  <testcase classname="parallelScripts.ExtentReport1" name="appiumSearchTest" time="4.388"/>
  <testcase classname="parallelScripts.ExtentReport1" name="cucumberSearchTest" time="4.367"/>
  <testcase classname="parallelScripts.ExtentReport1" name="seleniumSearchTest" time="6.153"/>
</testsuite> <!-- Default test -->
