<?xml version="1.0" encoding="UTF-8"?>
<!-- Generated by org.testng.reporters.JUnitXMLReporter -->
<testsuite ignored="0" hostname="EC2AMAZ-S11DBRH" failures="0" tests="3" name="Default test" time="20.312" errors="0" timestamp="2023-12-11T07:12:15 GMT">
  <testcase classname="parallelScripts.ExtentReport1" name="appiumSearchTest" time="4.309"/>
  <testcase classname="parallelScripts.ExtentReport1" name="cucumberSearchTest" time="4.131"/>
  <testcase classname="parallelScripts.ExtentReport1" name="seleniumSearchTest" time="5.474"/>
</testsuite> <!-- Default test -->
