<?xml version="1.0" encoding="UTF-8"?>
<!-- Generated by org.testng.reporters.JUnitXMLReporter -->
<testsuite ignored="0" hostname="DESKTOP-4RF2QF2" failures="0" tests="12" name="ModuleOneTest" time="0.071" errors="0" timestamp="2023-12-08T13:23:43 IST">
  <testcase classname="parallelScripts.SampleEightTest" name="testFour" time="0.013"/>
  <testcase classname="parallelScripts.SampleSixTest" name="testFour" time="0.014"/>
  <testcase classname="parallelScripts.SampleSevenTest" name="testFour" time="0.014"/>
  <testcase classname="parallelScripts.SampleSevenTest" name="testOne" time="0.003"/>
  <testcase classname="parallelScripts.SampleEightTest" name="testOne" time="0.003"/>
  <testcase classname="parallelScripts.SampleSixTest" name="testOne" time="0.004"/>
  <testcase classname="parallelScripts.SampleSevenTest" name="testThree" time="0.002"/>
  <testcase classname="parallelScripts.SampleSevenTest" name="testTwo" time="0.001"/>
  <testcase classname="parallelScripts.SampleEightTest" name="testThree" time="0.001"/>
  <testcase classname="parallelScripts.SampleSixTest" name="testThree" time="0.005"/>
  <testcase classname="parallelScripts.SampleEightTest" name="testTwo" time="0.002"/>
  <testcase classname="parallelScripts.SampleSixTest" name="testTwo" time="0.002"/>
</testsuite> <!-- ModuleOneTest -->
