<?xml version="1.0" encoding="UTF-8"?>
<!-- Generated by org.testng.reporters.JUnitXMLReporter -->
<testsuite ignored="0" hostname="DESKTOP-4RF2QF2" failures="0" tests="3" name="ModuleOneTest" time="16.301" errors="0" timestamp="2023-12-08T10:36:37 IST">
  <testcase classname="testScripts.SampleOneTest" name="SeleniumSearchTest" time="7.843"/>
  <testcase classname="testScripts.SampleOneTest" name="cucumberSearchTest" time="5.728"/>
  <testcase classname="testScripts.NewTest" name="testg" time="2.697"/>
</testsuite> <!-- ModuleOneTest -->
