<?xml version="1.0" encoding="UTF-8"?>
<testng-results ignored="0" total="3" passed="3" failed="0" skipped="0">
  <reporter-output>
  </reporter-output>
  <suite started-at="2023-12-11T06:37:23 GMT" name="Default suite" finished-at="2023-12-11T06:37:41 GMT" duration-ms="17432">
    <groups>
    </groups>
    <test started-at="2023-12-11T06:37:23 GMT" name="Default test" finished-at="2023-12-11T06:37:41 GMT" duration-ms="17432">
      <class name="parallelScripts.ExtentReport1">
        <test-method is-config="true" signature="setupExtent()[pri:0, instance:parallelScripts.ExtentReport1@503d687a]" started-at="2023-12-11T06:37:23 GMT" name="setupExtent" finished-at="2023-12-11T06:37:24 GMT" duration-ms="425" status="PASS">
          <reporter-output>
          </reporter-output>
        </test-method> <!-- setupExtent -->
        <test-method is-config="true" signature="setup()[pri:0, instance:parallelScripts.ExtentReport1@503d687a]" started-at="2023-12-11T06:37:24 GMT" name="setup" finished-at="2023-12-11T06:37:26 GMT" duration-ms="2755" status="PASS">
          <reporter-output>
          </reporter-output>
        </test-method> <!-- setup -->
        <test-method signature="appiumSearchTest()[pri:0, instance:parallelScripts.ExtentReport1@503d687a]" started-at="2023-12-11T06:37:26 GMT" name="appiumSearchTest" finished-at="2023-12-11T06:37:31 GMT" duration-ms="4523" status="PASS">
          <reporter-output>
          </reporter-output>
        </test-method> <!-- appiumSearchTest -->
        <test-method is-config="true" signature="tearDown()[pri:0, instance:parallelScripts.ExtentReport1@503d687a]" started-at="2023-12-11T06:37:31 GMT" name="tearDown" finished-at="2023-12-11T06:37:31 GMT" duration-ms="205" status="PASS">
          <reporter-output>
          </reporter-output>
        </test-method> <!-- tearDown -->
        <test-method is-config="true" signature="setup()[pri:0, instance:parallelScripts.ExtentReport1@503d687a]" started-at="2023-12-11T06:37:31 GMT" name="setup" finished-at="2023-12-11T06:37:32 GMT" duration-ms="1297" status="PASS">
          <reporter-output>
          </reporter-output>
        </test-method> <!-- setup -->
        <test-method signature="cucumberSearchTest()[pri:0, instance:parallelScripts.ExtentReport1@503d687a]" started-at="2023-12-11T06:37:32 GMT" name="cucumberSearchTest" finished-at="2023-12-11T06:37:34 GMT" duration-ms="2042" status="PASS">
          <reporter-output>
          </reporter-output>
        </test-method> <!-- cucumberSearchTest -->
        <test-method is-config="true" signature="tearDown()[pri:0, instance:parallelScripts.ExtentReport1@503d687a]" started-at="2023-12-11T06:37:34 GMT" name="tearDown" finished-at="2023-12-11T06:37:35 GMT" duration-ms="131" status="PASS">
          <reporter-output>
          </reporter-output>
        </test-method> <!-- tearDown -->
        <test-method is-config="true" signature="setup()[pri:0, instance:parallelScripts.ExtentReport1@503d687a]" started-at="2023-12-11T06:37:35 GMT" name="setup" finished-at="2023-12-11T06:37:36 GMT" duration-ms="1289" status="PASS">
          <reporter-output>
          </reporter-output>
        </test-method> <!-- setup -->
        <test-method signature="seleniumSearchTest()[pri:0, instance:parallelScripts.ExtentReport1@503d687a]" started-at="2023-12-11T06:37:36 GMT" name="seleniumSearchTest" finished-at="2023-12-11T06:37:40 GMT" duration-ms="4090" status="PASS">
          <reporter-output>
          </reporter-output>
        </test-method> <!-- seleniumSearchTest -->
        <test-method is-config="true" signature="tearDown()[pri:0, instance:parallelScripts.ExtentReport1@503d687a]" started-at="2023-12-11T06:37:40 GMT" name="tearDown" finished-at="2023-12-11T06:37:40 GMT" duration-ms="165" status="PASS">
          <reporter-output>
          </reporter-output>
        </test-method> <!-- tearDown -->
        <test-method is-config="true" signature="finishExtent()[pri:0, instance:parallelScripts.ExtentReport1@503d687a]" started-at="2023-12-11T06:37:40 GMT" name="finishExtent" finished-at="2023-12-11T06:37:41 GMT" duration-ms="465" status="PASS">
          <reporter-output>
          </reporter-output>
        </test-method> <!-- finishExtent -->
      </class> <!-- parallelScripts.ExtentReport1 -->
    </test> <!-- Default test -->
  </suite> <!-- Default suite -->
</testng-results>
