<?xml version="1.0" encoding="UTF-8"?>
<testng-results ignored="0" total="3" passed="3" failed="0" skipped="0">
  <reporter-output>
  </reporter-output>
  <suite started-at="2023-12-11T07:11:54 GMT" name="Default suite" finished-at="2023-12-11T07:12:15 GMT" duration-ms="20312">
    <groups>
    </groups>
    <test started-at="2023-12-11T07:11:54 GMT" name="Default test" finished-at="2023-12-11T07:12:15 GMT" duration-ms="20312">
      <class name="parallelScripts.ExtentReport1">
        <test-method is-config="true" signature="setupExtent()[pri:0, instance:parallelScripts.ExtentReport1@503d687a]" started-at="2023-12-11T07:11:54 GMT" name="setupExtent" finished-at="2023-12-11T07:11:55 GMT" duration-ms="361" status="PASS">
          <reporter-output>
          </reporter-output>
        </test-method> <!-- setupExtent -->
        <test-method is-config="true" signature="setup()[pri:0, instance:parallelScripts.ExtentReport1@503d687a]" started-at="2023-12-11T07:11:55 GMT" name="setup" finished-at="2023-12-11T07:11:57 GMT" duration-ms="2492" status="PASS">
          <reporter-output>
          </reporter-output>
        </test-method> <!-- setup -->
        <test-method signature="appiumSearchTest()[pri:0, instance:parallelScripts.ExtentReport1@503d687a]" started-at="2023-12-11T07:11:57 GMT" name="appiumSearchTest" finished-at="2023-12-11T07:12:02 GMT" duration-ms="4309" status="PASS">
          <reporter-output>
          </reporter-output>
        </test-method> <!-- appiumSearchTest -->
        <test-method is-config="true" signature="tearDown()[pri:0, instance:parallelScripts.ExtentReport1@503d687a]" started-at="2023-12-11T07:12:02 GMT" name="tearDown" finished-at="2023-12-11T07:12:02 GMT" duration-ms="172" status="PASS">
          <reporter-output>
          </reporter-output>
        </test-method> <!-- tearDown -->
        <test-method is-config="true" signature="setup()[pri:0, instance:parallelScripts.ExtentReport1@503d687a]" started-at="2023-12-11T07:12:02 GMT" name="setup" finished-at="2023-12-11T07:12:03 GMT" duration-ms="1236" status="PASS">
          <reporter-output>
          </reporter-output>
        </test-method> <!-- setup -->
        <test-method signature="cucumberSearchTest()[pri:0, instance:parallelScripts.ExtentReport1@503d687a]" started-at="2023-12-11T07:12:03 GMT" name="cucumberSearchTest" finished-at="2023-12-11T07:12:07 GMT" duration-ms="4131" status="PASS">
          <reporter-output>
          </reporter-output>
        </test-method> <!-- cucumberSearchTest -->
        <test-method is-config="true" signature="tearDown()[pri:0, instance:parallelScripts.ExtentReport1@503d687a]" started-at="2023-12-11T07:12:07 GMT" name="tearDown" finished-at="2023-12-11T07:12:07 GMT" duration-ms="150" status="PASS">
          <reporter-output>
          </reporter-output>
        </test-method> <!-- tearDown -->
        <test-method is-config="true" signature="setup()[pri:0, instance:parallelScripts.ExtentReport1@503d687a]" started-at="2023-12-11T07:12:07 GMT" name="setup" finished-at="2023-12-11T07:12:08 GMT" duration-ms="1237" status="PASS">
          <reporter-output>
          </reporter-output>
        </test-method> <!-- setup -->
        <test-method signature="seleniumSearchTest()[pri:0, instance:parallelScripts.ExtentReport1@503d687a]" started-at="2023-12-11T07:12:08 GMT" name="seleniumSearchTest" finished-at="2023-12-11T07:12:14 GMT" duration-ms="5474" status="PASS">
          <reporter-output>
          </reporter-output>
        </test-method> <!-- seleniumSearchTest -->
        <test-method is-config="true" signature="tearDown()[pri:0, instance:parallelScripts.ExtentReport1@503d687a]" started-at="2023-12-11T07:12:14 GMT" name="tearDown" finished-at="2023-12-11T07:12:14 GMT" duration-ms="147" status="PASS">
          <reporter-output>
          </reporter-output>
        </test-method> <!-- tearDown -->
        <test-method is-config="true" signature="finishExtent()[pri:0, instance:parallelScripts.ExtentReport1@503d687a]" started-at="2023-12-11T07:12:14 GMT" name="finishExtent" finished-at="2023-12-11T07:12:15 GMT" duration-ms="558" status="PASS">
          <reporter-output>
          </reporter-output>
        </test-method> <!-- finishExtent -->
      </class> <!-- parallelScripts.ExtentReport1 -->
    </test> <!-- Default test -->
  </suite> <!-- Default suite -->
</testng-results>
